This is pdfTeX, Version 3.1415926-2.3-1.40.12 (TeX Live 2011) (format=pdflatex 2011.7.3)  3 DEC 2014 12:25
entering extended mode
 \write18 enabled.
 file:line:error style messages enabled.
 %&-line parsing enabled.
**eFold.tex
(./eFold.tex
LaTeX2e <2009/09/24>
Babel <v3.8l> and hyphenation patterns for english, dumylang, nohyphenation, ge
rman-x-2009-06-19, ngerman-x-2009-06-19, afrikaans, ancientgreek, ibycus, arabi
c, armenian, basque, bulgarian, catalan, pinyin, coptic, croatian, czech, danis
h, dutch, ukenglish, usenglishmax, esperanto, estonian, ethiopic, farsi, finnis
h, french, galician, german, ngerman, swissgerman, monogreek, greek, hungarian,
 icelandic, assamese, bengali, gujarati, hindi, kannada, malayalam, marathi, or
iya, panjabi, tamil, telugu, indonesian, interlingua, irish, italian, kurmanji,
 lao, latin, latvian, lithuanian, mongolian, mongolianlmc, bokmal, nynorsk, pol
ish, portuguese, romanian, russian, sanskrit, serbian, serbianc, slovak, sloven
ian, spanish, swedish, turkish, turkmen, ukrainian, uppersorbian, welsh, loaded
.
(/usr/local/texlive/2011/texmf-dist/tex/latex/base/article.cls
Document Class: article 2007/10/19 v1.4h Standard LaTeX document class
(/usr/local/texlive/2011/texmf-dist/tex/latex/base/size12.clo
File: size12.clo 2007/10/19 v1.4h Standard LaTeX file (size option)
)
\c@part=\count79
\c@section=\count80
\c@subsection=\count81
\c@subsubsection=\count82
\c@paragraph=\count83
\c@subparagraph=\count84
\c@figure=\count85
\c@table=\count86
\abovecaptionskip=\skip41
\belowcaptionskip=\skip42
\bibindent=\dimen102
)
(/usr/local/texlive/2011/texmf-dist/tex/latex/multirow/multirow.sty
\bigstrutjot=\dimen103
)
(/usr/local/texlive/2011/texmf-dist/tex/latex/tools/longtable.sty
Package: longtable 2004/02/01 v4.11 Multi-page Table package (DPC)
\LTleft=\skip43
\LTright=\skip44
\LTpre=\skip45
\LTpost=\skip46
\LTchunksize=\count87
\LTcapwidth=\dimen104
\LT@head=\box26
\LT@firsthead=\box27
\LT@foot=\box28
\LT@lastfoot=\box29
\LT@cols=\count88
\LT@rows=\count89
\c@LT@tables=\count90
\c@LT@chunks=\count91
\LT@p@ftn=\toks14
)
(/usr/local/texlive/2011/texmf-dist/tex/latex/graphics/graphicx.sty
Package: graphicx 1999/02/16 v1.0f Enhanced LaTeX Graphics (DPC,SPQR)

(/usr/local/texlive/2011/texmf-dist/tex/latex/graphics/keyval.sty
Package: keyval 1999/03/16 v1.13 key=value parser (DPC)
\KV@toks@=\toks15
)
(/usr/local/texlive/2011/texmf-dist/tex/latex/graphics/graphics.sty
Package: graphics 2009/02/05 v1.0o Standard LaTeX Graphics (DPC,SPQR)

(/usr/local/texlive/2011/texmf-dist/tex/latex/graphics/trig.sty
Package: trig 1999/03/16 v1.09 sin cos tan (DPC)
)
(/usr/local/texlive/2011/texmf-dist/tex/latex/latexconfig/graphics.cfg
File: graphics.cfg 2010/04/23 v1.9 graphics configuration of TeX Live
)
Package graphics Info: Driver file: pdftex.def on input line 91.

(/usr/local/texlive/2011/texmf-dist/tex/latex/pdftex-def/pdftex.def
File: pdftex.def 2011/05/27 v0.06d Graphics/color for pdfTeX

(/usr/local/texlive/2011/texmf-dist/tex/generic/oberdiek/infwarerr.sty
Package: infwarerr 2010/04/08 v1.3 Providing info/warning/message (HO)
)
(/usr/local/texlive/2011/texmf-dist/tex/generic/oberdiek/ltxcmds.sty
Package: ltxcmds 2011/04/18 v1.20 LaTeX kernel commands for general use (HO)
)
\Gread@gobject=\count92
))
\Gin@req@height=\dimen105
\Gin@req@width=\dimen106
)
(/usr/local/texlive/2011/texmf-dist/tex/latex/caption/caption.sty
Package: caption 2010/01/09 v3.1m Customizing captions (AR)

(/usr/local/texlive/2011/texmf-dist/tex/latex/caption/caption3.sty
Package: caption3 2010/01/14 v3.1m caption3 kernel (AR)
\captionmargin=\dimen107
\captionmargin@=\dimen108
\captionwidth=\dimen109
\caption@indent=\dimen110
\caption@parindent=\dimen111
\caption@hangindent=\dimen112
)
\c@ContinuedFloat=\count93
Package caption Info: longtable package is loaded.

(/usr/local/texlive/2011/texmf-dist/tex/latex/caption/ltcaption.sty
Package: ltcaption 2008/03/28 v1.2 longtable captions (AR)
))
(/usr/local/texlive/2011/texmf-dist/tex/latex/caption/subcaption.sty
Package: subcaption 2008/08/31 v1.0b Adding subcaptions (AR)
\c@subfigure=\count94
\c@subtable=\count95
)
(/usr/local/texlive/2011/texmf-dist/tex/latex/booktabs/booktabs.sty
Package: booktabs 2005/04/14 v1.61803 publication quality tables
\heavyrulewidth=\dimen113
\lightrulewidth=\dimen114
\cmidrulewidth=\dimen115
\belowrulesep=\dimen116
\belowbottomsep=\dimen117
\aboverulesep=\dimen118
\abovetopsep=\dimen119
\cmidrulesep=\dimen120
\cmidrulekern=\dimen121
\defaultaddspace=\dimen122
\@cmidla=\count96
\@cmidlb=\count97
\@aboverulesep=\dimen123
\@belowrulesep=\dimen124
\@thisruleclass=\count98
\@lastruleclass=\count99
\@thisrulewidth=\dimen125
)
(/usr/local/texlive/2011/texmf-dist/tex/latex/tools/xspace.sty
Package: xspace 2006/05/08 v1.12 Space after command names (DPC,MH)
) (./eFold.aux)
\openout1 = `eFold.aux'.

LaTeX Font Info:    Checking defaults for OML/cmm/m/it on input line 24.
LaTeX Font Info:    ... okay on input line 24.
LaTeX Font Info:    Checking defaults for T1/cmr/m/n on input line 24.
LaTeX Font Info:    ... okay on input line 24.
LaTeX Font Info:    Checking defaults for OT1/cmr/m/n on input line 24.
LaTeX Font Info:    ... okay on input line 24.
LaTeX Font Info:    Checking defaults for OMS/cmsy/m/n on input line 24.
LaTeX Font Info:    ... okay on input line 24.
LaTeX Font Info:    Checking defaults for OMX/cmex/m/n on input line 24.
LaTeX Font Info:    ... okay on input line 24.
LaTeX Font Info:    Checking defaults for U/cmr/m/n on input line 24.
LaTeX Font Info:    ... okay on input line 24.

(/usr/local/texlive/2011/texmf-dist/tex/context/base/supp-pdf.mkii
[Loading MPS to PDF converter (version 2006.09.02).]
\scratchcounter=\count100
\scratchdimen=\dimen126
\scratchbox=\box30
\nofMPsegments=\count101
\nofMParguments=\count102
\everyMPshowfont=\toks16
\MPscratchCnt=\count103
\MPscratchDim=\dimen127
\MPnumerator=\count104
\makeMPintoPDFobject=\count105
\everyMPtoPDFconversion=\toks17
) (/usr/local/texlive/2011/texmf-dist/tex/generic/oberdiek/pdftexcmds.sty
Package: pdftexcmds 2011/04/22 v0.16 Utilities of pdfTeX for LuaTeX (HO)

(/usr/local/texlive/2011/texmf-dist/tex/generic/oberdiek/ifluatex.sty
Package: ifluatex 2010/03/01 v1.3 Provides the ifluatex switch (HO)
Package ifluatex Info: LuaTeX not detected.
)
(/usr/local/texlive/2011/texmf-dist/tex/generic/oberdiek/ifpdf.sty
Package: ifpdf 2011/01/30 v2.3 Provides the ifpdf switch (HO)
Package ifpdf Info: pdfTeX in PDF mode is detected.
)
Package pdftexcmds Info: LuaTeX not detected.
Package pdftexcmds Info: \pdf@primitive is available.
Package pdftexcmds Info: \pdf@ifprimitive is available.
Package pdftexcmds Info: \pdfdraftmode found.
)
(/usr/local/texlive/2011/texmf-dist/tex/latex/oberdiek/epstopdf-base.sty
Package: epstopdf-base 2010/02/09 v2.5 Base part for package epstopdf

(/usr/local/texlive/2011/texmf-dist/tex/latex/oberdiek/grfext.sty
Package: grfext 2010/08/19 v1.1 Managing graphics extensions (HO)

(/usr/local/texlive/2011/texmf-dist/tex/generic/oberdiek/kvdefinekeys.sty
Package: kvdefinekeys 2011/04/07 v1.3 Defining keys (HO)
))
(/usr/local/texlive/2011/texmf-dist/tex/latex/oberdiek/kvoptions.sty
Package: kvoptions 2010/12/23 v3.10 Keyval support for LaTeX options (HO)

(/usr/local/texlive/2011/texmf-dist/tex/generic/oberdiek/kvsetkeys.sty
Package: kvsetkeys 2011/04/07 v1.13 Key value parser (HO)

(/usr/local/texlive/2011/texmf-dist/tex/generic/oberdiek/etexcmds.sty
Package: etexcmds 2011/02/16 v1.5 Prefix for e-TeX command names (HO)
Package etexcmds Info: Could not find \expanded.
(etexcmds)             That can mean that you are not using pdfTeX 1.50 or
(etexcmds)             that some package has redefined \expanded.
(etexcmds)             In the latter case, load this package earlier.
)))
Package grfext Info: Graphics extension search list:
(grfext)             [.png,.pdf,.jpg,.mps,.jpeg,.jbig2,.jb2,.PNG,.PDF,.JPG,.JPE
G,.JBIG2,.JB2,.eps]
(grfext)             \AppendGraphicsExtensions on input line 452.

(/usr/local/texlive/2011/texmf-dist/tex/latex/latexconfig/epstopdf-sys.cfg
File: epstopdf-sys.cfg 2010/07/13 v1.3 Configuration of (r)epstopdf for TeX Liv
e
))
Package caption Info: Begin \AtBeginDocument code.
Package caption Info: End \AtBeginDocument code.
LaTeX Font Info:    External font `cmex10' loaded for size
(Font)              <14.4> on input line 27.
LaTeX Font Info:    External font `cmex10' loaded for size
(Font)              <7> on input line 27.

(./eFold.toc
LaTeX Font Info:    External font `cmex10' loaded for size
(Font)              <12> on input line 4.
LaTeX Font Info:    External font `cmex10' loaded for size
(Font)              <8> on input line 4.
LaTeX Font Info:    External font `cmex10' loaded for size
(Font)              <6> on input line 4.
 [1

{/usr/local/texlive/2011/texmf-var/fonts/map/pdftex/updmap/pdftex.map}])
\tf@toc=\write3
\openout3 = `eFold.toc'.

 [2] [3]
Missing character: There is no Õ in font cmr12!
 [4] [5] [6] [7] [8] [9] [10]
<Figures/Method.png, id=41, 617.4267pt x 428.5611pt>
File: Figures/Method.png Graphic file (type png)
 <use Figures/Method.png>
Package pdftex.def Info: Figures/Method.png used on input line 147.
(pdftex.def)             Requested size: 493.94203pt x 342.84933pt.

Overfull \hbox (9.73326pt too wide) in paragraph at lines 147--148
 [][] 
 []

LaTeX Font Info:    Font shape `OT1/cmtt/bx/n' in size <12> not available
(Font)              Font shape `OT1/cmtt/m/n' tried instead on input line 148.

Underfull \hbox (badness 10000) in paragraph at lines 161--162

 []

[11] [12 <./Figures/Method.png>] [13] [14]
<Figures/Topologies.png, id=63, 316.0608pt x 214.8828pt>
File: Figures/Topologies.png Graphic file (type png)

<use Figures/Topologies.png>
Package pdftex.def Info: Figures/Topologies.png used on input line 213.
(pdftex.def)             Requested size: 426.68295pt x 290.09236pt.
 [15] [16 <./Figures/Topologies.png>] [17] [18]

LaTeX Warning: Command \r invalid in math mode on input line 308.

<Figures/BoxPlots.pdf, id=80, 614.295pt x 794.97pt>
File: Figures/BoxPlots.pdf Graphic file (type pdf)
 <use Figures/BoxPlots.pdf>
Package pdftex.def Info: Figures/BoxPlots.pdf used on input line 347.
(pdftex.def)             Requested size: 399.287pt x 516.72438pt.

Overfull \hbox (32.51561pt too wide) in paragraph at lines 347--348
 [][] 
 []

<Figures/Pathways_1EM7.pdf, id=82, 614.295pt x 794.97pt>
File: Figures/Pathways_1EM7.pdf Graphic file (type pdf)

<use Figures/Pathways_1EM7.pdf>
Package pdftex.def Info: Figures/Pathways_1EM7.pdf used on input line 354.
(pdftex.def)             Requested size: 453.4898pt x 205.06299pt.

<Figures/Pathways_1EM7A.pdf, id=84, 614.295pt x 794.97pt>
File: Figures/Pathways_1EM7A.pdf Graphic file (type pdf)

<use Figures/Pathways_1EM7A.pdf>
Package pdftex.def Info: Figures/Pathways_1EM7A.pdf used on input line 361.
(pdftex.def)             Requested size: 453.4898pt x 679.33165pt.


LaTeX Warning: Float too large for page by 56.30159pt on input line 364.

<Figures/Pathways_1EM7B.pdf, id=86, 614.295pt x 1059.45813pt>
File: Figures/Pathways_1EM7B.pdf Graphic file (type pdf)

<use Figures/Pathways_1EM7B.pdf>
Package pdftex.def Info: Figures/Pathways_1EM7B.pdf used on input line 368.
(pdftex.def)             Requested size: 352.71515pt x 713.51076pt.


LaTeX Warning: Float too large for page by 90.4807pt on input line 371.

<Figures/Pathways_1UBQ.pdf, id=88, 890.99477pt x 588.53273pt>
File: Figures/Pathways_1UBQ.pdf Graphic file (type pdf)

<use Figures/Pathways_1UBQ.pdf>
Package pdftex.def Info: Figures/Pathways_1UBQ.pdf used on input line 395.
(pdftex.def)             Requested size: 704.76677pt x 237.95593pt.

Overfull \hbox (220.558pt too wide) in paragraph at lines 395--396
 [][] 
 []

[19] [20 <./Figures/BoxPlots.pdf>]
<Figures/Pathways_PF00014.pdf, id=263, 614.295pt x 794.97pt>
File: Figures/Pathways_PF00014.pdf Graphic file (type pdf)

<use Figures/Pathways_PF00014.pdf>
Package pdftex.def Info: Figures/Pathways_PF00014.pdf used on input line 402.
(pdftex.def)             Requested size: 277.33289pt x 159.89455pt.

<Figures/Pathways_PF00240.pdf, id=265, 614.295pt x 794.97pt>
File: Figures/Pathways_PF00240.pdf Graphic file (type pdf)

<use Figures/Pathways_PF00240.pdf>
Package pdftex.def Info: Figures/Pathways_PF00240.pdf used on input line 409.
(pdftex.def)             Requested size: 498.65826pt x 209.57982pt.

Overfull \hbox (14.4495pt too wide) in paragraph at lines 409--410
 [][] 
 []

<Figures/Pathways_PF01423.pdf, id=267, 614.295pt x 794.97pt>
File: Figures/Pathways_PF01423.pdf Graphic file (type pdf)

<use Figures/Pathways_PF01423.pdf>
Package pdftex.def Info: Figures/Pathways_PF01423.pdf used on input line 416.
(pdftex.def)             Requested size: 534.79301pt x 168.92822pt.

Overfull \hbox (50.58424pt too wide) in paragraph at lines 416--417
 [][] 
 []

<Figures/Pathways_SH3.pdf, id=269, 614.295pt x 794.97pt>
File: Figures/Pathways_SH3.pdf Graphic file (type pdf)

<use Figures/Pathways_SH3.pdf>
Package pdftex.def Info: Figures/Pathways_SH3.pdf used on input line 423.
(pdftex.def)             Requested size: 475.37662pt x 182.28014pt.
LaTeX Font Info:    Try loading font information for OMS+cmr on input line 436.


(/usr/local/texlive/2011/texmf-dist/tex/latex/base/omscmr.fd
File: omscmr.fd 1999/05/25 v2.5h Standard LaTeX font definitions
)
LaTeX Font Info:    Font shape `OMS/cmr/m/n' in size <12> not available
(Font)              Font shape `OMS/cmsy/m/n' tried instead on input line 436.
Missing character: There is no Ð in font cmr12!
Missing character: There is no Ð in font cmr12!
Missing character: There is no Ð in font cmr12!
 [21 <./Figures/Pathways_1EM7.pdf>] [22 <./Figures/Pathways_1EM7A.pdf>] [23 <./
Figures/Pathways_1EM7B.pdf>] [24 <./Figures/Pathways_1UBQ.pdf> <./Figures/Pathw
ays_PF00014.pdf>]
[25 <./Figures/Pathways_PF00240.pdf> <./Figures/Pathways_PF01423.pdf>]
Missing character: There is no Ð in font cmr12!
Missing character: There is no Ð in font cmr12!
Missing character: There is no Ð in font cmr12!
Missing character: There is no Ð in font cmr12!
Missing character: There is no Ð in font cmr12!
Missing character: There is no Ð in font cmr12!
Missing character: There is no Ð in font cmr12!
Missing character: There is no Ð in font cmr12!
 [26 <./Figures/Pathways_SH3.pdf>]
Overfull \hbox (35.59831pt too wide) in paragraph at lines 447--448
[]\OT1/cmr/m/n/12 The nu-clei residues iden-tify ex-per-i-men-tally are Y3,L5 (
Hair-pin1), F30 (He-lix), W43,Y45,F52
 []


Overfull \hbox (37.83022pt too wide) in paragraph at lines 447--448
\OT1/cmr/m/n/12 are present in the fol-low-ing pro-por-tions Y3(22.46%), L5(88.
67%), W43(9.36%), Y45(13.29%)
 []

Missing character: There is no Ð in font cmr12!
[27]
Missing character: There is no Ð in font cmr12!
Missing character: There is no Ð in font cmr12!
Missing character: There is no Ð in font cmr12!
Missing character: There is no Ð in font cmr12!
Missing character: There is no Ð in font cmr12!
Missing character: There is no Ð in font cmr12!
Missing character: There is no Ð in font cmr12!
Missing character: There is no Ð in font cmr12!
Missing character: There is no Ð in font cmr12!
Missing character: There is no Ð in font cmr12!
 [28]
Overfull \hbox (35.59831pt too wide) in paragraph at lines 470--471
[]\OT1/cmr/m/n/12 The nu-clei residues iden-tify ex-per-i-men-tally are Y3,L5 (
Hair-pin1), F30 (He-lix), W43,Y45,F52
 []


Overfull \hbox (37.83022pt too wide) in paragraph at lines 470--471
\OT1/cmr/m/n/12 are present in the fol-low-ing pro-por-tions Y3(22.46%), L5(88.
67%), W43(9.36%), Y45(13.29%)
 []

[29]
Missing character: There is no Ð in font cmr12!
 [30]
Missing character: There is no Ð in font cmr12!
Missing character: There is no Ð in font cmr12!
Missing character: There is no Ð in font cmr12!
Missing character: There is no Ð in font cmr12!
Missing character: There is no Ð in font cmr12!
Missing character: There is no Ð in font cmr12!
 [31]
Overfull \hbox (112.68152pt too wide) in paragraph at lines 533--534
\OT1/cmr/m/n/12 fol-lowed of the SM2 mo-tif). 3.33% of the runs con-tain the pa
th-way 1A2$\OMS/cmsy/m/n/12 )$\OT1/cmr/m/n/12 3A1A2$\OMS/cmsy/m/n/12 )$\OT1/cmr
/m/n/12 4A1A2A3$\OMS/cmsy/m/n/12 )$\OT1/cmr/m/n/12 5A1A2A3A4
 []

[32]
Missing character: There is no Ð in font cmr12!
Missing character: There is no Ð in font cmr12!
Missing character: There is no Ð in font cmr12!
Missing character: There is no Ð in font cmr12!
Missing character: There is no Ð in font cmr12!
Missing character: There is no Ð in font cmr12!
Missing character: There is no Ð in font cmr12!
 [33] [34] [35] (./eFold.bbl [36] [37] [38] [39]) [40] (./eFold.aux) ) 
Here is how much of TeX's memory you used:
 2842 strings out of 493633
 45391 string characters out of 3143378
 110297 words of memory out of 3000000
 6104 multiletter control sequences out of 15000+200000
 9990 words of font info for 35 fonts, out of 3000000 for 9000
 831 hyphenation exceptions out of 8191
 38i,9n,38p,1709b,332s stack positions out of 5000i,500n,10000p,200000b,50000s
</usr/loc
al/texlive/2011/texmf-dist/fonts/type1/public/amsfonts/cm/cmbx12.pfb></usr/loca
l/texlive/2011/texmf-dist/fonts/type1/public/amsfonts/cm/cmbxti10.pfb></usr/loc
al/texlive/2011/texmf-dist/fonts/type1/public/amsfonts/cm/cmex10.pfb></usr/loca
l/texlive/2011/texmf-dist/fonts/type1/public/amsfonts/cm/cmmi12.pfb></usr/local
/texlive/2011/texmf-dist/fonts/type1/public/amsfonts/cm/cmmi6.pfb></usr/local/t
exlive/2011/texmf-dist/fonts/type1/public/amsfonts/cm/cmmi8.pfb></usr/local/tex
live/2011/texmf-dist/fonts/type1/public/amsfonts/cm/cmr12.pfb></usr/local/texli
ve/2011/texmf-dist/fonts/type1/public/amsfonts/cm/cmr8.pfb></usr/local/texlive/
2011/texmf-dist/fonts/type1/public/amsfonts/cm/cmsy10.pfb></usr/local/texlive/2
011/texmf-dist/fonts/type1/public/amsfonts/cm/cmsy8.pfb></usr/local/texlive/201
1/texmf-dist/fonts/type1/public/amsfonts/cm/cmti12.pfb></usr/local/texlive/2011
/texmf-dist/fonts/type1/public/amsfonts/cm/cmtt12.pfb>
Output written on eFold.pdf (40 pages, 2903945 bytes).
PDF statistics:
 1859 PDF objects out of 2073 (max. 8388607)
 1000 compressed objects within 10 object streams
 0 named destinations out of 1000 (max. 500000)
 122 words of extra memory for PDF output out of 10000 (max. 10000000)

