This is pdfTeX, Version 3.1415926-2.3-1.40.12 (TeX Live 2011) (format=pdflatex 2011.7.3)  7 FEB 2015 19:28
entering extended mode
 \write18 enabled.
 file:line:error style messages enabled.
 %&-line parsing enabled.
**SAEfold.tex
(./SAEfold.tex
LaTeX2e <2009/09/24>
Babel <v3.8l> and hyphenation patterns for english, dumylang, nohyphenation, ge
rman-x-2009-06-19, ngerman-x-2009-06-19, afrikaans, ancientgreek, ibycus, arabi
c, armenian, basque, bulgarian, catalan, pinyin, coptic, croatian, czech, danis
h, dutch, ukenglish, usenglishmax, esperanto, estonian, ethiopic, farsi, finnis
h, french, galician, german, ngerman, swissgerman, monogreek, greek, hungarian,
 icelandic, assamese, bengali, gujarati, hindi, kannada, malayalam, marathi, or
iya, panjabi, tamil, telugu, indonesian, interlingua, irish, italian, kurmanji,
 lao, latin, latvian, lithuanian, mongolian, mongolianlmc, bokmal, nynorsk, pol
ish, portuguese, romanian, russian, sanskrit, serbian, serbianc, slovak, sloven
ian, spanish, swedish, turkish, turkmen, ukrainian, uppersorbian, welsh, loaded
.
(/usr/local/texlive/2011/texmf-dist/tex/latex/base/article.cls
Document Class: article 2007/10/19 v1.4h Standard LaTeX document class
(/usr/local/texlive/2011/texmf-dist/tex/latex/base/size12.clo
File: size12.clo 2007/10/19 v1.4h Standard LaTeX file (size option)
)
\c@part=\count79
\c@section=\count80
\c@subsection=\count81
\c@subsubsection=\count82
\c@paragraph=\count83
\c@subparagraph=\count84
\c@figure=\count85
\c@table=\count86
\abovecaptionskip=\skip41
\belowcaptionskip=\skip42
\bibindent=\dimen102
) (./scicite.sty
LaTeX Info: Redefining \cite on input line 160.
LaTeX Info: Redefining \nocite on input line 227.
Package: scicite 2003/11/04  v 4.01
) (/usr/local/texlive/2011/texmf-dist/tex/latex/psnfss/times.sty
Package: times 2005/04/12 PSNFSS-v9.2a (SPQR) 
)
(/usr/local/texlive/2011/texmf-dist/tex/latex/amsmath/amsmath.sty
Package: amsmath 2000/07/18 v2.13 AMS math features
\@mathmargin=\skip43

For additional information on amsmath, use the `?' option.
(/usr/local/texlive/2011/texmf-dist/tex/latex/amsmath/amstext.sty
Package: amstext 2000/06/29 v2.01

(/usr/local/texlive/2011/texmf-dist/tex/latex/amsmath/amsgen.sty
File: amsgen.sty 1999/11/30 v2.0
\@emptytoks=\toks14
\ex@=\dimen103
))
(/usr/local/texlive/2011/texmf-dist/tex/latex/amsmath/amsbsy.sty
Package: amsbsy 1999/11/29 v1.2d
\pmbraise@=\dimen104
)
(/usr/local/texlive/2011/texmf-dist/tex/latex/amsmath/amsopn.sty
Package: amsopn 1999/12/14 v2.01 operator names
)
\inf@bad=\count87
LaTeX Info: Redefining \frac on input line 211.
\uproot@=\count88
\leftroot@=\count89
LaTeX Info: Redefining \overline on input line 307.
\classnum@=\count90
\DOTSCASE@=\count91
LaTeX Info: Redefining \ldots on input line 379.
LaTeX Info: Redefining \dots on input line 382.
LaTeX Info: Redefining \cdots on input line 467.
\Mathstrutbox@=\box26
\strutbox@=\box27
\big@size=\dimen105
LaTeX Font Info:    Redeclaring font encoding OML on input line 567.
LaTeX Font Info:    Redeclaring font encoding OMS on input line 568.
\macc@depth=\count92
\c@MaxMatrixCols=\count93
\dotsspace@=\muskip10
\c@parentequation=\count94
\dspbrk@lvl=\count95
\tag@help=\toks15
\row@=\count96
\column@=\count97
\maxfields@=\count98
\andhelp@=\toks16
\eqnshift@=\dimen106
\alignsep@=\dimen107
\tagshift@=\dimen108
\tagwidth@=\dimen109
\totwidth@=\dimen110
\lineht@=\dimen111
\@envbody=\toks17
\multlinegap=\skip44
\multlinetaggap=\skip45
\mathdisplay@stack=\toks18
LaTeX Info: Redefining \[ on input line 2666.
LaTeX Info: Redefining \] on input line 2667.
)
(/usr/local/texlive/2011/texmf-dist/tex/latex/amsfonts/amsfonts.sty
Package: amsfonts 2009/06/22 v3.00 Basic AMSFonts support
\symAMSa=\mathgroup4
\symAMSb=\mathgroup5
LaTeX Font Info:    Overwriting math alphabet `\mathfrak' in version `bold'
(Font)                  U/euf/m/n --> U/euf/b/n on input line 96.
)
(/usr/local/texlive/2011/texmf-dist/tex/latex/amsfonts/amssymb.sty
Package: amssymb 2009/06/22 v3.00
)
(/usr/local/texlive/2011/texmf-dist/tex/latex/graphics/graphicx.sty
Package: graphicx 1999/02/16 v1.0f Enhanced LaTeX Graphics (DPC,SPQR)

(/usr/local/texlive/2011/texmf-dist/tex/latex/graphics/keyval.sty
Package: keyval 1999/03/16 v1.13 key=value parser (DPC)
\KV@toks@=\toks19
)
(/usr/local/texlive/2011/texmf-dist/tex/latex/graphics/graphics.sty
Package: graphics 2009/02/05 v1.0o Standard LaTeX Graphics (DPC,SPQR)

(/usr/local/texlive/2011/texmf-dist/tex/latex/graphics/trig.sty
Package: trig 1999/03/16 v1.09 sin cos tan (DPC)
)
(/usr/local/texlive/2011/texmf-dist/tex/latex/latexconfig/graphics.cfg
File: graphics.cfg 2010/04/23 v1.9 graphics configuration of TeX Live
)
Package graphics Info: Driver file: pdftex.def on input line 91.

(/usr/local/texlive/2011/texmf-dist/tex/latex/pdftex-def/pdftex.def
File: pdftex.def 2011/05/27 v0.06d Graphics/color for pdfTeX

(/usr/local/texlive/2011/texmf-dist/tex/generic/oberdiek/infwarerr.sty
Package: infwarerr 2010/04/08 v1.3 Providing info/warning/message (HO)
)
(/usr/local/texlive/2011/texmf-dist/tex/generic/oberdiek/ltxcmds.sty
Package: ltxcmds 2011/04/18 v1.20 LaTeX kernel commands for general use (HO)
)
\Gread@gobject=\count99
))
\Gin@req@height=\dimen112
\Gin@req@width=\dimen113
)
(/usr/local/texlive/2011/texmf-dist/tex/latex/float/float.sty
Package: float 2001/11/08 v1.3d Float enhancements (AL)
\c@float@type=\count100
\float@exts=\toks20
\float@box=\box28
\@float@everytoks=\toks21
\@floatcapt=\box29
)
(/usr/local/texlive/2011/texmf-dist/tex/latex/multirow/multirow.sty
\bigstrutjot=\dimen114
)
(./SAEfold.aux

LaTeX Warning: Label `fig:Pathways_1EM7' multiply defined.


LaTeX Warning: Label `fig:Pathways_1EM7' multiply defined.

)
\openout1 = `SAEfold.aux'.

LaTeX Font Info:    Checking defaults for OML/cmm/m/it on input line 101.
LaTeX Font Info:    ... okay on input line 101.
LaTeX Font Info:    Checking defaults for T1/cmr/m/n on input line 101.
LaTeX Font Info:    ... okay on input line 101.
LaTeX Font Info:    Checking defaults for OT1/cmr/m/n on input line 101.
LaTeX Font Info:    ... okay on input line 101.
LaTeX Font Info:    Checking defaults for OMS/cmsy/m/n on input line 101.
LaTeX Font Info:    ... okay on input line 101.
LaTeX Font Info:    Checking defaults for OMX/cmex/m/n on input line 101.
LaTeX Font Info:    ... okay on input line 101.
LaTeX Font Info:    Checking defaults for U/cmr/m/n on input line 101.
LaTeX Font Info:    ... okay on input line 101.
LaTeX Font Info:    Try loading font information for OT1+ptm on input line 101.

 (/usr/local/texlive/2011/texmf-dist/tex/latex/psnfss/ot1ptm.fd
File: ot1ptm.fd 2001/06/04 font definitions for OT1/ptm.
)
(/usr/local/texlive/2011/texmf-dist/tex/context/base/supp-pdf.mkii
[Loading MPS to PDF converter (version 2006.09.02).]
\scratchcounter=\count101
\scratchdimen=\dimen115
\scratchbox=\box30
\nofMPsegments=\count102
\nofMParguments=\count103
\everyMPshowfont=\toks22
\MPscratchCnt=\count104
\MPscratchDim=\dimen116
\MPnumerator=\count105
\makeMPintoPDFobject=\count106
\everyMPtoPDFconversion=\toks23
) (/usr/local/texlive/2011/texmf-dist/tex/generic/oberdiek/pdftexcmds.sty
Package: pdftexcmds 2011/04/22 v0.16 Utilities of pdfTeX for LuaTeX (HO)

(/usr/local/texlive/2011/texmf-dist/tex/generic/oberdiek/ifluatex.sty
Package: ifluatex 2010/03/01 v1.3 Provides the ifluatex switch (HO)
Package ifluatex Info: LuaTeX not detected.
)
(/usr/local/texlive/2011/texmf-dist/tex/generic/oberdiek/ifpdf.sty
Package: ifpdf 2011/01/30 v2.3 Provides the ifpdf switch (HO)
Package ifpdf Info: pdfTeX in PDF mode is detected.
)
Package pdftexcmds Info: LuaTeX not detected.
Package pdftexcmds Info: \pdf@primitive is available.
Package pdftexcmds Info: \pdf@ifprimitive is available.
Package pdftexcmds Info: \pdfdraftmode found.
)
(/usr/local/texlive/2011/texmf-dist/tex/latex/oberdiek/epstopdf-base.sty
Package: epstopdf-base 2010/02/09 v2.5 Base part for package epstopdf

(/usr/local/texlive/2011/texmf-dist/tex/latex/oberdiek/grfext.sty
Package: grfext 2010/08/19 v1.1 Managing graphics extensions (HO)

(/usr/local/texlive/2011/texmf-dist/tex/generic/oberdiek/kvdefinekeys.sty
Package: kvdefinekeys 2011/04/07 v1.3 Defining keys (HO)
))
(/usr/local/texlive/2011/texmf-dist/tex/latex/oberdiek/kvoptions.sty
Package: kvoptions 2010/12/23 v3.10 Keyval support for LaTeX options (HO)

(/usr/local/texlive/2011/texmf-dist/tex/generic/oberdiek/kvsetkeys.sty
Package: kvsetkeys 2011/04/07 v1.13 Key value parser (HO)

(/usr/local/texlive/2011/texmf-dist/tex/generic/oberdiek/etexcmds.sty
Package: etexcmds 2011/02/16 v1.5 Prefix for e-TeX command names (HO)
Package etexcmds Info: Could not find \expanded.
(etexcmds)             That can mean that you are not using pdfTeX 1.50 or
(etexcmds)             that some package has redefined \expanded.
(etexcmds)             In the latter case, load this package earlier.
)))
Package grfext Info: Graphics extension search list:
(grfext)             [.png,.pdf,.jpg,.mps,.jpeg,.jbig2,.jb2,.PNG,.PDF,.JPG,.JPE
G,.JBIG2,.JB2,.eps]
(grfext)             \AppendGraphicsExtensions on input line 452.

(/usr/local/texlive/2011/texmf-dist/tex/latex/latexconfig/epstopdf-sys.cfg
File: epstopdf-sys.cfg 2010/07/13 v1.3 Configuration of (r)epstopdf for TeX Liv
e
))
LaTeX Font Info:    Try loading font information for OT1+pcr on input line 109.


(/usr/local/texlive/2011/texmf-dist/tex/latex/psnfss/ot1pcr.fd
File: ot1pcr.fd 2001/06/04 font definitions for OT1/pcr.
)
LaTeX Font Info:    Try loading font information for U+msa on input line 109.

(/usr/local/texlive/2011/texmf-dist/tex/latex/amsfonts/umsa.fd
File: umsa.fd 2009/06/22 v3.00 AMS symbols A
)
LaTeX Font Info:    Try loading font information for U+msb on input line 109.

(/usr/local/texlive/2011/texmf-dist/tex/latex/amsfonts/umsb.fd
File: umsb.fd 2009/06/22 v3.00 AMS symbols B
)
LaTeX Font Info:    Font shape `OT1/ptm/bx/n' in size <12> not available
(Font)              Font shape `OT1/ptm/b/n' tried instead on input line 122.
LaTeX Font Info:    Font shape `OT1/pcr/bx/n' in size <12> not available
(Font)              Font shape `OT1/pcr/b/n' tried instead on input line 123.
 [1

{/usr/local/texlive/2011/texmf-var/fonts/map/pdftex/updmap/pdftex.map}]
LaTeX Font Info:    Font shape `OT1/ptm/bx/n' in size <17.28> not available
(Font)              Font shape `OT1/ptm/b/n' tried instead on input line 138.
 [2] [3] [4] [5]
LaTeX Font Info:    Font shape `OT1/ptm/bx/n' in size <14.4> not available
(Font)              Font shape `OT1/ptm/b/n' tried instead on input line 178.


LaTeX Warning: Command \r invalid in math mode on input line 183.

[6] [7] [8] [9] [10]

LaTeX Warning: Reference `fig:Pathways_1UBQ' on page 11 undefined on input line
 217.

[11]

LaTeX Warning: Reference `fig:Pathways_SH3' on page 12 undefined on input line 
223.


LaTeX Warning: Reference `fig:Pathways_SH3' on page 12 undefined on input line 
223.

[12]

LaTeX Warning: Reference `fig:Pathways_SH3' on page 13 undefined on input line 
225.


LaTeX Warning: Reference `tb:identity' on page 13 undefined on input line 237.

[13]

LaTeX Warning: Reference `fig:Pathways_1EM7B' on page 14 undefined on input lin
e 239.


LaTeX Warning: Reference `fig:Pathways_1EM7B' on page 14 undefined on input lin
e 239.


LaTeX Warning: Reference `fig:Pathways_1EM7B' on page 14 undefined on input lin
e 239.

[14]

LaTeX Warning: Reference `fig:Pathways_PF00014' on page 15 undefined on input l
ine 251.

[15]

LaTeX Warning: Reference `fig:Pathways_PF00240' on page 16 undefined on input l
ine 261.

[16] [17]

LaTeX Warning: Reference `fig:Pathways_PF01423' on page 18 undefined on input l
ine 269.

[18] [19] [20] [21] [22]
Underfull \hbox (badness 10000) in paragraph at lines 314--315

 []

LaTeX Font Info:    Font shape `OT1/ptm/bx/it' in size <12> not available
(Font)              Font shape `OT1/ptm/b/it' tried instead on input line 317.
[23]
Overfull \hbox (3.38873pt too wide) in paragraph at lines 321--322
[]\OT1/ptm/m/n/12 The pro-tein generic topolo-gies were en-coded us-ing a step-
wise per-mu-ta-tion al-go-rithm through
 []

[24] [25] [26] [27] [28] [29] [30] [31]
LaTeX Font Info:    Font shape `OT1/ptm/bx/n' in size <10> not available
(Font)              Font shape `OT1/ptm/b/n' tried instead on input line 450.
 [32]
<Figs/BoxPlotComplete.pdf, id=119, 585.85574pt x 121.788pt>
File: Figs/BoxPlotComplete.pdf Graphic file (type pdf)

<use Figs/BoxPlotComplete.pdf>
Package pdftex.def Info: Figs/BoxPlotComplete.pdf used on input line 465.
(pdftex.def)             Requested size: 439.39073pt x 91.34074pt.

<Figs/1EM7.pdf, id=121, 535.50063pt x 628.84938pt>
File: Figs/1EM7.pdf Graphic file (type pdf)
 <use Figs/1EM7.pdf>
Package pdftex.def Info: Figs/1EM7.pdf used on input line 472.
(pdftex.def)             Requested size: 481.9461pt x 565.95921pt.

Overfull \hbox (26.70203pt too wide) in paragraph at lines 472--473
 [][] 
 []

[33 <./Figs/BoxPlotComplete.pdf>]
Overfull \vbox (155.04924pt too high) has occurred while \output is active []


[34 <./Figs/1EM7.pdf>] <Figs/1UBQ.pdf, id=334, 701.28699pt x 794.97pt>
File: Figs/1UBQ.pdf Graphic file (type pdf)

<use Figs/1UBQ.pdf>
Package pdftex.def Info: Figs/1UBQ.pdf used on input line 479.
(pdftex.def)             Requested size: 490.89754pt x 556.4752pt.

Overfull \hbox (35.65346pt too wide) in paragraph at lines 479--480
 [][] 
 []


Overfull \vbox (145.56523pt too high) has occurred while \output is active []


[35 <./Figs/1UBQ.pdf>] <Figs/Pfam.pdf, id=647, 596.2506pt x 732.73848pt>
File: Figs/Pfam.pdf Graphic file (type pdf)

<use Figs/Pfam.pdf>
Package pdftex.def Info: Figs/Pfam.pdf used on input line 486.
(pdftex.def)             Requested size: 477.00111pt x 586.19159pt.

Overfull \hbox (21.75703pt too wide) in paragraph at lines 486--487
 [][] 
 []


Overfull \vbox (175.28162pt too high) has occurred while \output is active []


[36 <./Figs/Pfam.pdf>] <Figs/Method.pdf, id=1019, 635.16998pt x 436.63126pt>
File: Figs/Method.pdf Graphic file (type pdf)

<use Figs/Method.pdf>
Package pdftex.def Info: Figs/Method.pdf used on input line 493.
(pdftex.def)             Requested size: 381.10492pt x 261.98077pt.

<Figs/Topologies.pdf, id=1021, 320.94907pt x 212.04219pt>
File: Figs/Topologies.pdf Graphic file (type pdf)

<use Figs/Topologies.pdf>
Package pdftex.def Info: Figs/Topologies.pdf used on input line 500.
(pdftex.def)             Requested size: 433.28212pt x 286.25752pt.
 [37 <./Figs/Method.pdf>]
Overfull \hbox (42.48297pt too wide) in paragraph at lines 513--514
\OT1/ptm/b/n/12 Supplementary Ma-te-rial \OT1/ptm/m/n/12 ac-com-pa-nies this pa
-per at \OT1/pcr/m/n/10.95 http://http://csb.cs.mcgill.ca/efold/\OT1/ptm/m/n/12
 . 
 []

[38 <./Figs/Topologies.pdf>]
<Figs/BoxPlotsSplited.pdf, id=1107, 579.66562pt x 388.36995pt>
File: Figs/BoxPlotsSplited.pdf Graphic file (type pdf)

<use Figs/BoxPlotsSplited.pdf>
Package pdftex.def Info: Figs/BoxPlotsSplited.pdf used on input line 541.
(pdftex.def)             Requested size: 434.74814pt x 291.27673pt.

<Figs/BoxPlotsEvFold.pdf, id=1109, 614.295pt x 794.97pt>
File: Figs/BoxPlotsEvFold.pdf Graphic file (type pdf)

<use Figs/BoxPlotsEvFold.pdf>
Package pdftex.def Info: Figs/BoxPlotsEvFold.pdf used on input line 549.
(pdftex.def)             Requested size: 489.62456pt x 110.20926pt.

Overfull \hbox (34.38048pt too wide) in paragraph at lines 549--550
 [][] 
 []

[39 <./Figs/BoxPlotsSplited.pdf>] (./SAEfold.bbl [40 <./Figs/BoxPlotsEvFold.pdf
>] [41] [42] [43]) [44] [45] (./SAEfold.aux)

LaTeX Warning: There were undefined references.


LaTeX Warning: There were multiply-defined labels.

 ) 
Here is how much of TeX's memory you used:
 2718 strings out of 493633
 36694 string characters out of 3143378
 94632 words of memory out of 3000000
 5943 multiletter control sequences out of 15000+200000
 30760 words of font info for 76 fonts, out of 3000000 for 9000
 831 hyphenation exceptions out of 8191
 37i,9n,23p,2017b,290s stack positions out of 5000i,500n,10000p,200000b,50000s
{/usr/local/texlive/2011/texmf-dist/fonts/enc/dvips/base/8r.enc}</usr/local/t
exlive/2011/texmf-dist/fonts/type1/public/amsfonts/cm/cmex10.pfb></usr/local/te
xlive/2011/texmf-dist/fonts/type1/public/amsfonts/cm/cmmi10.pfb></usr/local/tex
live/2011/texmf-dist/fonts/type1/public/amsfonts/cm/cmmi12.pfb></usr/local/texl
ive/2011/texmf-dist/fonts/type1/public/amsfonts/cm/cmmi6.pfb></usr/local/texliv
e/2011/texmf-dist/fonts/type1/public/amsfonts/cm/cmmi7.pfb></usr/local/texlive/
2011/texmf-dist/fonts/type1/public/amsfonts/cm/cmmi8.pfb></usr/local/texlive/20
11/texmf-dist/fonts/type1/public/amsfonts/cm/cmr10.pfb></usr/local/texlive/2011
/texmf-dist/fonts/type1/public/amsfonts/cm/cmr12.pfb></usr/local/texlive/2011/t
exmf-dist/fonts/type1/public/amsfonts/cm/cmr7.pfb></usr/local/texlive/2011/texm
f-dist/fonts/type1/public/amsfonts/cm/cmr8.pfb></usr/local/texlive/2011/texmf-d
ist/fonts/type1/public/amsfonts/cm/cmsy10.pfb></usr/local/texlive/2011/texmf-di
st/fonts/type1/public/amsfonts/cm/cmsy8.pfb></usr/local/texlive/2011/texmf-dist
/fonts/type1/urw/courier/ucrb8a.pfb></usr/local/texlive/2011/texmf-dist/fonts/t
ype1/urw/courier/ucrr8a.pfb></usr/local/texlive/2011/texmf-dist/fonts/type1/urw
/times/utmb8a.pfb></usr/local/texlive/2011/texmf-dist/fonts/type1/urw/times/utm
bi8a.pfb></usr/local/texlive/2011/texmf-dist/fonts/type1/urw/times/utmr8a.pfb><
/usr/local/texlive/2011/texmf-dist/fonts/type1/urw/times/utmri8a.pfb>
Output written on SAEfold.pdf (45 pages, 4589279 bytes).
PDF statistics:
 1541 PDF objects out of 1728 (max. 8388607)
 722 compressed objects within 8 object streams
 0 named destinations out of 1000 (max. 500000)
 89 words of extra memory for PDF output out of 10000 (max. 10000000)

